<component name="libraryTable">
  <library name="junit-libs1">
    <CLASSES>
      <root url="file://$PROJECT_DIR$/../../就业/尚硅谷资料/尚硅谷Java入门教程，java电子书+Java面试真题（2023新版）/06_软件与资料/05-资料/junit-libs" />
    </CLASSES>
    <JAVADOC />
    <SOURCES />
    <jarDirectory url="file://$PROJECT_DIR$/../../就业/尚硅谷资料/尚硅谷Java入门教程，java电子书+Java面试真题（2023新版）/06_软件与资料/05-资料/junit-libs" recursive="false" />
  </library>
</component>